********************************* TOP OF DATA **********************************
                         J E S 2  J O B  L O G  --  S Y S T E M  M V S 1  --  N

19.31.51 JOB09976 ---- SUNDAY,    07 JUL 2024 ----
19.31.51 JOB09976  IRR010I  USERID CARMIS1  IS ASSIGNED TO THIS JOB.
19.31.51 JOB09976  ICH70001I CARMIS1  LAST ACCESS AT 19:29:17 ON SUNDAY, JULY 7,
19.31.51 JOB09976  $HASP373 CARMIS1A STARTED - INIT 1    - CLASS A        - SYS
19.31.51 JOB09976  IEF403I CARMIS1A - STARTED - TIME=19.31.51
19.32.24 JOB09976  -                                      ----TIMINGS (MINUTES)-
19.32.24 JOB09976  -STEPNAME PROCSTEP    RC   EXCP   CONN       TCB       SRB  C
19.32.24 JOB09976  -STEP01   BQSH        01   116K    110  0.787162  0.000117
19.32.24 JOB09976  IEF404I CARMIS1A - ENDED - TIME=19.32.24
19.32.24 JOB09976  -CARMIS1A ENDED.  NAME-CARMIS               TOTAL TCB CPU TIM
19.32.24 JOB09976  $HASP395 CARMIS1A ENDED - RC=0001
------ JES2 JOB STATISTICS ------
  07 JUL 2024 JOB EXECUTION DATE
           13 CARDS READ
          399 SYSOUT PRINT RECORDS
            0 SYSOUT PUNCH RECORDS
           23 SYSOUT SPOOL KBYTES
         0.56 MINUTES EXECUTION TIME
******************************** BOTTOM OF DATA ********************************
