********************************* TOP OF DATA **********************************
 STMT NO. MESSAGE
        3 IEFC001I PROCEDURE BQSH WAS EXPANDED USING PRIVATE LIBRARY CARMIS1.ALL
ICH70001I CARMIS1  LAST ACCESS AT 19:29:17 ON SUNDAY, JULY 7, 2024
IEFA111I CARMIS1A IS USING THE FOLLOWING JOB RELATED SETTINGS:
         SWA=BELOW,TIOT SIZE=32K,DSENQSHR=DISALLOW,GDGBIAS=JOB
IEF236I ALLOC. FOR CARMIS1A BQSH STEP01
IEF237I 3157 ALLOCATED TO STEPLIB
IEF237I JES2 ALLOCATED TO SYSPRINT
IEF237I JES2 ALLOCATED TO SYSOUT
IEF237I JES2 ALLOCATED TO STDOUT
IEF237I JES2 ALLOCATED TO STDERR
IEF237I JES2 ALLOCATED TO CEEDUMP
IEF237I DMY  ALLOCATED TO ABNLIGNR
IEF237I JES2 ALLOCATED TO STDIN
IEF237I DMY  ALLOCATED TO QUERY
IEF237I 3160 ALLOCATED TO INFILE
IEF237I 3155 ALLOCATED TO COPYBOOK
IEF237I DMY  ALLOCATED TO KEYFILE
IEF237I JES2 ALLOCATED TO STDENV
IEF237I JES2 ALLOCATED TO SYSDUMP
IEF237I 3141 ALLOCATED TO SYS00004
IEF285I   TCPIP.TCPPARMS                               KEPT
IEF285I   VOL SER NOS= MCAT24.
IEF237I 3145 ALLOCATED TO SYS00006
IEF285I   TCPIP.STANDARD.TCPXLBIN                      KEPT
IEF285I   VOL SER NOS= DLB241.
IGD103I SMS UNIX FILE ALLOCATED TO DDNAME SYS00009
IGD104I UNIX FILE WAS RETAINED, DDNAME IS (SYS00009)
FILENAME IS (/etc/ipnodes)
IGD103I SMS UNIX FILE ALLOCATED TO DDNAME SYS00010
IGD104I UNIX FILE WAS RETAINED, DDNAME IS (SYS00010)
FILENAME IS (/etc/hosts)
IGD103I SMS UNIX FILE ALLOCATED TO DDNAME SYS00011
IGD104I UNIX FILE WAS RETAINED, DDNAME IS (SYS00011)
FILENAME IS (/etc/hosts)
IEF142I CARMIS1A BQSH STEP01 - STEP WAS EXECUTED - COND CODE 0001
IEF285I   IBMUSER.JZOS.SIEALNKE                        KEPT
IEF285I   VOL SER NOS= USER01.
IEF285I   CARMIS1.CARMIS1A.JOB09976.D0000103.?         SYSOUT
IEF285I   CARMIS1.CARMIS1A.JOB09976.D0000104.?         SYSOUT
IEF285I   CARMIS1.CARMIS1A.JOB09976.D0000105.?         SYSOUT
IEF285I   CARMIS1.CARMIS1A.JOB09976.D0000106.?         SYSOUT
IEF285I   CARMIS1.CARMIS1A.JOB09976.D0000107.?         SYSOUT
IEF285I   CARMIS1.CARMIS1A.JOB09976.D0000101.?         SYSIN
IEF285I   CARMIS1.ORDERS                               KEPT
IEF285I   VOL SER NOS= USER11.
IEF285I   CARMIS1.ORDERCB                              KEPT
IEF285I   VOL SER NOS= USER13.
IEF285I   CARMIS1.CARMIS1A.JOB09976.D0000102.?         SYSIN
IEF285I   CARMIS1.CARMIS1A.JOB09976.D0000108.?         SYSOUT
IEF373I STEP/BQSH    /START 2024189.1931
IEF032I STEP/BQSH    /STOP  2024189.1932
        CPU:     0 HR  00 MIN  47.22 SEC    SRB:     0 HR  00 MIN  00.01 SEC
        VIRT:   388K  SYS:   296K  EXT:   260052K  SYS:    17344K
        ATB- REAL:                225508K  SLOTS:                     0K
             VIRT- ALLOC:     981M SHRD:       0M
IEF375I  JOB/CARMIS1A/START 2024189.1931
IEF033I  JOB/CARMIS1A/STOP  2024189.1932
        CPU:     0 HR  00 MIN  47.22 SEC    SRB:     0 HR  00 MIN  00.01 SEC
******************************** BOTTOM OF DATA ********************************
